=== puma startup: 2019-10-29 17:00:00 +0000 ===
/home/ec2-user/redmine/.bundle/vendor/ruby/2.5.0/gems/puma-3.12.1/lib/puma/launcher.rb:133:in `initialize': No such file or directory @ rb_sysopen - /home/ec2-user/redmine/shared/pids/puma.pid (Errno::ENOENT)
	from /home/ec2-user/redmine/.bundle/vendor/ruby/2.5.0/gems/puma-3.12.1/lib/puma/launcher.rb:133:in `open'
	from /home/ec2-user/redmine/.bundle/vendor/ruby/2.5.0/gems/puma-3.12.1/lib/puma/launcher.rb:133:in `write_pid'
	from /home/ec2-user/redmine/.bundle/vendor/ruby/2.5.0/gems/puma-3.12.1/lib/puma/launcher.rb:106:in `write_state'
	from /home/ec2-user/redmine/.bundle/vendor/ruby/2.5.0/gems/puma-3.12.1/lib/puma/cluster.rb:460:in `run'
	from /home/ec2-user/redmine/.bundle/vendor/ruby/2.5.0/gems/puma-3.12.1/lib/puma/launcher.rb:186:in `run'
	from /home/ec2-user/redmine/.bundle/vendor/ruby/2.5.0/gems/puma-3.12.1/lib/puma/cli.rb:80:in `run'
	from /home/ec2-user/redmine/.bundle/vendor/ruby/2.5.0/gems/puma-3.12.1/bin/puma:10:in `<top (required)>'
	from /home/ec2-user/redmine/.bundle/vendor/ruby/2.5.0/bin/puma:23:in `load'
	from /home/ec2-user/redmine/.bundle/vendor/ruby/2.5.0/bin/puma:23:in `<main>'
	from /home/ec2-user/redmine/.bundle/vendor/ruby/2.5.0/bin/ruby_executable_hooks:24:in `eval'
	from /home/ec2-user/redmine/.bundle/vendor/ruby/2.5.0/bin/ruby_executable_hooks:24:in `<main>'
=== puma startup: 2019-10-29 17:01:35 +0000 ===
/home/ec2-user/redmine/.bundle/vendor/ruby/2.5.0/gems/puma-3.12.1/lib/puma/launcher.rb:133:in `initialize': No such file or directory @ rb_sysopen - /home/ec2-user/redmine/shared/pids/puma.pid (Errno::ENOENT)
	from /home/ec2-user/redmine/.bundle/vendor/ruby/2.5.0/gems/puma-3.12.1/lib/puma/launcher.rb:133:in `open'
	from /home/ec2-user/redmine/.bundle/vendor/ruby/2.5.0/gems/puma-3.12.1/lib/puma/launcher.rb:133:in `write_pid'
	from /home/ec2-user/redmine/.bundle/vendor/ruby/2.5.0/gems/puma-3.12.1/lib/puma/launcher.rb:106:in `write_state'
	from /home/ec2-user/redmine/.bundle/vendor/ruby/2.5.0/gems/puma-3.12.1/lib/puma/cluster.rb:460:in `run'
	from /home/ec2-user/redmine/.bundle/vendor/ruby/2.5.0/gems/puma-3.12.1/lib/puma/launcher.rb:186:in `run'
	from /home/ec2-user/redmine/.bundle/vendor/ruby/2.5.0/gems/puma-3.12.1/lib/puma/cli.rb:80:in `run'
	from /home/ec2-user/redmine/.bundle/vendor/ruby/2.5.0/gems/puma-3.12.1/bin/puma:10:in `<top (required)>'
	from /home/ec2-user/redmine/.bundle/vendor/ruby/2.5.0/bin/puma:23:in `load'
	from /home/ec2-user/redmine/.bundle/vendor/ruby/2.5.0/bin/puma:23:in `<main>'
	from /home/ec2-user/redmine/.bundle/vendor/ruby/2.5.0/bin/ruby_executable_hooks:24:in `eval'
	from /home/ec2-user/redmine/.bundle/vendor/ruby/2.5.0/bin/ruby_executable_hooks:24:in `<main>'
=== puma startup: 2019-10-29 17:02:04 +0000 ===
/home/ec2-user/redmine/.bundle/vendor/ruby/2.5.0/gems/puma-3.12.1/lib/puma/launcher.rb:133:in `initialize': No such file or directory @ rb_sysopen - /home/ec2-user/redmine/shared/pids/puma.pid (Errno::ENOENT)
	from /home/ec2-user/redmine/.bundle/vendor/ruby/2.5.0/gems/puma-3.12.1/lib/puma/launcher.rb:133:in `open'
	from /home/ec2-user/redmine/.bundle/vendor/ruby/2.5.0/gems/puma-3.12.1/lib/puma/launcher.rb:133:in `write_pid'
	from /home/ec2-user/redmine/.bundle/vendor/ruby/2.5.0/gems/puma-3.12.1/lib/puma/launcher.rb:106:in `write_state'
	from /home/ec2-user/redmine/.bundle/vendor/ruby/2.5.0/gems/puma-3.12.1/lib/puma/cluster.rb:460:in `run'
	from /home/ec2-user/redmine/.bundle/vendor/ruby/2.5.0/gems/puma-3.12.1/lib/puma/launcher.rb:186:in `run'
	from /home/ec2-user/redmine/.bundle/vendor/ruby/2.5.0/gems/puma-3.12.1/lib/puma/cli.rb:80:in `run'
	from /home/ec2-user/redmine/.bundle/vendor/ruby/2.5.0/gems/puma-3.12.1/bin/puma:10:in `<top (required)>'
	from /home/ec2-user/redmine/.bundle/vendor/ruby/2.5.0/bin/puma:23:in `load'
	from /home/ec2-user/redmine/.bundle/vendor/ruby/2.5.0/bin/puma:23:in `<main>'
	from /home/ec2-user/redmine/.bundle/vendor/ruby/2.5.0/bin/ruby_executable_hooks:24:in `eval'
	from /home/ec2-user/redmine/.bundle/vendor/ruby/2.5.0/bin/ruby_executable_hooks:24:in `<main>'
